2025-03-04T20:18:19.063Z [[32minfo[39m]: Server is running on port 3000
2025-03-04T20:18:23.909Z [[32minfo[39m]: MongoDB connected...
2025-03-04T20:20:13.995Z [[32minfo[39m]: POST /api/auth/login - 2025-03-04T20:20:13.995Z
2025-03-04T21:12:35.169Z [[32minfo[39m]: Server is running on port 3000
2025-03-04T21:12:37.552Z [[32minfo[39m]: MongoDB connected...
2025-03-04T21:13:10.090Z [[32minfo[39m]: POST /api/auth/login - 2025-03-04T21:13:10.090Z
2025-03-04T21:13:19.504Z [[32minfo[39m]: POST /api/auth/login - 2025-03-04T21:13:19.503Z
2025-03-04T21:13:20.457Z [[32minfo[39m]: POST /api/auth/login - 2025-03-04T21:13:20.457Z
2025-03-04T21:13:21.192Z [[32minfo[39m]: POST /api/auth/login - 2025-03-04T21:13:21.192Z
2025-03-04T21:13:21.989Z [[32minfo[39m]: POST /api/auth/login - 2025-03-04T21:13:21.989Z
2025-03-04T21:13:22.717Z [[32minfo[39m]: POST /api/auth/login - 2025-03-04T21:13:22.717Z
2025-03-04T21:13:23.395Z [[32minfo[39m]: POST /api/auth/login - 2025-03-04T21:13:23.395Z
2025-03-04T21:13:24.075Z [[32minfo[39m]: POST /api/auth/login - 2025-03-04T21:13:24.075Z
2025-03-04T21:13:24.934Z [[32minfo[39m]: POST /api/auth/login - 2025-03-04T21:13:24.934Z
2025-03-04T21:14:35.197Z [[32minfo[39m]: Server is running on port 3000
2025-03-04T21:14:37.641Z [[32minfo[39m]: MongoDB connected...
2025-03-04T21:15:56.906Z [[32minfo[39m]: Server is running on port 3000
2025-03-04T21:16:01.482Z [[32minfo[39m]: MongoDB connected...
2025-03-04T21:16:29.305Z [[32minfo[39m]: Server is running on port 3000
2025-03-04T21:16:31.489Z [[32minfo[39m]: MongoDB connected...
2025-03-04T21:18:43.983Z [[32minfo[39m]: Server is running on port 3000
2025-03-04T21:18:48.530Z [[32minfo[39m]: MongoDB connected...
2025-03-04T21:19:37.781Z [[32minfo[39m]: Server is running on port 3000
2025-03-04T21:19:41.899Z [[32minfo[39m]: MongoDB connected...
2025-03-04T21:20:21.786Z [[32minfo[39m]: Server is running on port 3000
2025-03-04T21:20:56.376Z [[32minfo[39m]: Server is running on port 3000
2025-03-04T21:20:58.685Z [[32minfo[39m]: MongoDB connected...
2025-03-04T21:23:53.521Z [[32minfo[39m]: Server is running on port 3000
2025-03-04T21:23:55.953Z [[32minfo[39m]: MongoDB connected...
2025-03-04T21:24:11.456Z [[32minfo[39m]: Server is running on port 3000
2025-03-04T21:24:13.615Z [[32minfo[39m]: MongoDB connected...
2025-03-04T21:24:40.798Z [[32minfo[39m]: Server is running on port 3000
2025-03-04T21:24:48.403Z [[32minfo[39m]: Server is running on port 3000
2025-03-04T21:24:52.510Z [[32minfo[39m]: MongoDB connected...
2025-03-04T21:29:45.081Z [[32minfo[39m]: Server is running on port 3000
2025-03-04T21:29:52.607Z [[32minfo[39m]: Server is running on port 3000
2025-03-04T21:29:54.727Z [[32minfo[39m]: MongoDB connected...
2025-03-04T21:30:17.524Z [[32minfo[39m]: Server is running on port 3000
2025-03-04T21:30:21.625Z [[32minfo[39m]: MongoDB connected...
2025-03-04T21:30:44.355Z [[32minfo[39m]: Server is running on port 3000
2025-03-04T21:30:46.518Z [[32minfo[39m]: MongoDB connected...
2025-03-04T21:31:03.201Z [[32minfo[39m]: Server is running on port 3000
2025-03-04T21:31:05.429Z [[32minfo[39m]: MongoDB connected...
2025-03-04T21:31:35.375Z [[32minfo[39m]: Server is running on port 3000
2025-03-04T21:31:39.507Z [[32minfo[39m]: MongoDB connected...
2025-03-04T21:31:50.654Z [[32minfo[39m]: Server is running on port 3000
2025-03-04T21:31:54.799Z [[32minfo[39m]: MongoDB connected...
2025-03-04T21:32:08.140Z [[32minfo[39m]: POST /api/auth/login - 2025-03-04T21:32:08.140Z
2025-03-04T21:32:31.825Z [[32minfo[39m]: GET /api/user/dashboard - 2025-03-04T21:32:31.825Z
2025-03-04T21:32:57.000Z [[32minfo[39m]: Server is running on port 3000
2025-03-04T21:33:01.167Z [[32minfo[39m]: MongoDB connected...
2025-03-04T21:33:05.880Z [[32minfo[39m]: GET /api/user/dashboard - 2025-03-04T21:33:05.880Z
2025-03-04T21:36:35.797Z [[32minfo[39m]: Server is running on port 3000
2025-03-04T21:36:40.275Z [[32minfo[39m]: MongoDB connected...
2025-03-04T21:36:52.674Z [[32minfo[39m]: Server is running on port 3000
2025-03-04T21:36:56.819Z [[32minfo[39m]: MongoDB connected...
2025-03-04T21:37:30.489Z [[32minfo[39m]: Server is running on port 3000
2025-03-04T21:37:35.856Z [[32minfo[39m]: Server is running on port 3000
2025-03-04T21:37:40.192Z [[32minfo[39m]: MongoDB connected...
2025-03-04T21:45:07.039Z [[32minfo[39m]: Server is running on port 3000
2025-03-04T21:45:09.431Z [[32minfo[39m]: MongoDB connected...
2025-03-04T21:45:14.029Z [[32minfo[39m]: GET /api/user/dashboard - 2025-03-04T21:45:14.029Z
2025-03-04T21:46:47.159Z [[32minfo[39m]: Server is running on port 3000
2025-03-04T21:46:51.754Z [[32minfo[39m]: MongoDB connected...
2025-03-04T21:47:01.761Z [[32minfo[39m]: POST /api/auth/login - 2025-03-04T21:47:01.761Z
2025-03-04T21:47:23.143Z [[32minfo[39m]: GET /api/user/dashboard - 2025-03-04T21:47:23.142Z
2025-03-04T21:47:39.509Z [[32minfo[39m]: GET /api/user/dashboard - 2025-03-04T21:47:39.509Z
2025-03-04T21:48:24.832Z [[32minfo[39m]: Server is running on port 3000
2025-03-04T21:48:27.492Z [[32minfo[39m]: MongoDB connected...
2025-03-04T21:48:29.623Z [[32minfo[39m]: GET /api/user/dashboard - 2025-03-04T21:48:29.623Z
2025-03-04T21:48:34.937Z [[32minfo[39m]: GET /api/user/dashboard - 2025-03-04T21:48:34.937Z
2025-03-04T21:48:59.468Z [[32minfo[39m]: Server is running on port 3000
2025-03-04T21:49:01.608Z [[32minfo[39m]: MongoDB connected...
2025-03-04T21:49:37.278Z [[32minfo[39m]: Server is running on port 3000
2025-03-04T21:49:41.975Z [[32minfo[39m]: MongoDB connected...
2025-03-04T21:50:17.550Z [[32minfo[39m]: Server is running on port 3000
2025-03-04T21:50:21.711Z [[32minfo[39m]: MongoDB connected...
2025-03-04T21:51:39.017Z [[32minfo[39m]: Server is running on port 3000
2025-03-04T21:51:43.444Z [[32minfo[39m]: MongoDB connected...
2025-03-04T21:52:07.429Z [[32minfo[39m]: Server is running on port 3000
2025-03-04T21:52:09.563Z [[32minfo[39m]: MongoDB connected...
2025-03-04T21:52:23.471Z [[32minfo[39m]: Server is running on port 3000
2025-03-04T21:52:25.580Z [[32minfo[39m]: MongoDB connected...
2025-03-04T21:52:31.184Z [[32minfo[39m]: GET /api/user/dashboard - 2025-03-04T21:52:31.184Z
2025-03-04T21:53:46.887Z [[32minfo[39m]: Server is running on port 3000
2025-03-04T21:53:58.051Z [[32minfo[39m]: Server is running on port 3000
2025-03-04T21:54:00.139Z [[32minfo[39m]: MongoDB connected...
2025-03-04T21:54:19.739Z [[32minfo[39m]: Server is running on port 3000
2025-03-04T21:54:23.865Z [[32minfo[39m]: MongoDB connected...
2025-03-04T21:54:57.333Z [[32minfo[39m]: Server is running on port 3000
2025-03-04T21:55:01.834Z [[32minfo[39m]: Server is running on port 3000
2025-03-04T21:55:03.973Z [[32minfo[39m]: MongoDB connected...
2025-03-04T21:55:32.046Z [[32minfo[39m]: Server is running on port 3000
2025-03-04T21:55:36.256Z [[32minfo[39m]: MongoDB connected...
2025-03-04T21:56:16.101Z [[32minfo[39m]: Server is running on port 3000
2025-03-04T21:56:18.520Z [[32minfo[39m]: MongoDB connected...
2025-03-04T21:56:26.319Z [[32minfo[39m]: Server is running on port 3000
2025-03-04T21:56:28.467Z [[32minfo[39m]: MongoDB connected...
2025-03-04T22:14:15.922Z [[32minfo[39m]: Server is running on port 3000
2025-03-04T22:14:21.214Z [[32minfo[39m]: Server is running on port 3000
2025-03-04T22:14:23.670Z [[32minfo[39m]: MongoDB connected...
2025-03-04T22:14:41.400Z [[32minfo[39m]: GET /api/leaderboard - 2025-03-04T22:14:41.400Z
2025-03-04T22:15:46.753Z [[32minfo[39m]: Server is running on port 3000
2025-03-04T22:15:52.617Z [[32minfo[39m]: Server is running on port 3000
2025-03-04T22:15:54.739Z [[32minfo[39m]: MongoDB connected...
2025-03-04T22:16:03.194Z [[32minfo[39m]: GET /api/leaderboard - 2025-03-04T22:16:03.194Z
2025-03-04T22:16:34.832Z [[32minfo[39m]: Server is running on port 3000
2025-03-04T22:16:36.950Z [[32minfo[39m]: MongoDB connected...
2025-03-04T22:16:38.948Z [[32minfo[39m]: GET /api/leaderboard - 2025-03-04T22:16:38.948Z
2025-03-04T22:16:52.392Z [[32minfo[39m]: Server is running on port 3000
2025-03-04T22:16:54.618Z [[32minfo[39m]: GET /api/leaderboard - 2025-03-04T22:16:54.618Z
2025-03-04T22:16:57.037Z [[32minfo[39m]: MongoDB connected...
2025-03-04T22:17:32.565Z [[32minfo[39m]: Server is running on port 3000
2025-03-04T22:17:34.727Z [[32minfo[39m]: MongoDB connected...
2025-03-04T22:18:23.511Z [[32minfo[39m]: Server is running on port 3000
2025-03-04T22:18:25.963Z [[32minfo[39m]: MongoDB connected...
2025-03-04T22:18:53.650Z [[32minfo[39m]: Server is running on port 3000
2025-03-04T22:18:55.796Z [[32minfo[39m]: MongoDB connected...
2025-03-04T22:19:13.927Z [[32minfo[39m]: Server is running on port 3000
